<?xml version="1.0" encoding="UTF-8" ?>
<testsuite tests="12" failures="0" name="blackco.photos.apps.ComplexComparisonTest" time="1.341" errors="1" skipped="0">
  <properties>
[...]
</properties>
  <testcase classname="blackco.photos.apps.ComplexComparisonTest" name="testMyPhotos" time="0.72"/>
  <testcase classname="blackco.photos.apps.ComplexComparisonTest" name="testContexts" time="0.108"/>
  <testcase classname="blackco.photos.apps.ComplexComparisonTest" name="testPhotoService" time="0.119"/>
  <testcase classname="blackco.photos.apps.ComplexComparisonTest" name="testGetInfoService" time="0.097"/>
  <testcase classname="blackco.photos.apps.ComplexComparisonTest" name="testGetExifService" time="0.041"/>
  <testcase classname="blackco.photos.apps.ComplexComparisonTest" name="testSearch" time="0.041"/>
  <testcase classname="blackco.photos.apps.ComplexComparisonTest" name="testGetPhotosForTaken" time="0.042"/>
  <testcase classname="blackco.photos.apps.ComplexComparisonTest" name="testCompare" time="0.035"/>
  <testcase classname="blackco.photos.apps.ComplexComparisonTest" name="testProcessOnlyOnce" time="0.029"/>
  <testcase classname="blackco.photos.apps.ComplexComparisonTest" name="testProcessTryAgain" time="0.052"/>
  <testcase classname="blackco.photos.apps.ComplexComparisonTest" name="testProcessInsufficientMetaDataMissingDate" time="0.022"/>
  <testcase classname="blackco.photos.apps.ComplexComparisonTest" name="testProcessInsufficientMetaDataMissingCamera" time="0.035">
    <error type="java.lang.NullPointerException">java.lang.NullPointerException
	at blackco.photos.spring.MyPhotosImpl.getPhotos(MyPhotosImpl.java:145)
	at blackco.photos.apps.ComplexComparisonTest.testProcessInsufficientMetaDataMissingCamera(ComplexComparisonTest.java:644)
	at sun.reflect.NativeMethodAccessorImpl.invoke0(Native Method)
	at sun.reflect.NativeMethodAccessorImpl.invoke(NativeMethodAccessorImpl.java:62)
	at sun.reflect.DelegatingMethodAccessorImpl.invoke(DelegatingMethodAccessorImpl.java:43)
	at java.lang.reflect.Method.invoke(Method.java:498)
	at org.junit.internal.runners.TestMethod.invoke(TestMethod.java:59)
	at org.junit.internal.runners.MethodRoadie.runTestMethod(MethodRoadie.java:98)
	at org.junit.internal.runners.MethodRoadie$2.run(MethodRoadie.java:79)
	at org.junit.internal.runners.MethodRoadie.runBeforesThenTestThenAfters(MethodRoadie.java:87)
	at org.junit.internal.runners.MethodRoadie.runTest(MethodRoadie.java:77)
	at org.junit.internal.runners.MethodRoadie.run(MethodRoadie.java:42)
	at org.junit.internal.runners.JUnit4ClassRunner.invokeTestMethod(JUnit4ClassRunner.java:88)
	at org.junit.internal.runners.JUnit4ClassRunner.runMethods(JUnit4ClassRunner.java:51)
	at org.junit.internal.runners.JUnit4ClassRunner$1.run(JUnit4ClassRunner.java:44)
	at org.junit.internal.runners.ClassRoadie.runUnprotected(ClassRoadie.java:27)
	at org.junit.internal.runners.ClassRoadie.runProtected(ClassRoadie.java:37)
	at org.junit.internal.runners.JUnit4ClassRunner.run(JUnit4ClassRunner.java:42)
	at org.apache.maven.surefire.junit4.JUnit4Provider.execute(JUnit4Provider.java:252)
	at org.apache.maven.surefire.junit4.JUnit4Provider.executeTestSet(JUnit4Provider.java:141)
	at org.apache.maven.surefire.junit4.JUnit4Provider.invoke(JUnit4Provider.java:112)
	at sun.reflect.NativeMethodAccessorImpl.invoke0(Native Method)
	at sun.reflect.NativeMethodAccessorImpl.invoke(NativeMethodAccessorImpl.java:62)
	at sun.reflect.DelegatingMethodAccessorImpl.invoke(DelegatingMethodAccessorImpl.java:43)
	at java.lang.reflect.Method.invoke(Method.java:498)
	at org.apache.maven.surefire.util.ReflectionUtils.invokeMethodWithArray(ReflectionUtils.java:189)
	at org.apache.maven.surefire.booter.ProviderFactory$ProviderProxy.invoke(ProviderFactory.java:165)
	at org.apache.maven.surefire.booter.ProviderFactory.invokeProvider(ProviderFactory.java:85)
	at org.apache.maven.surefire.booter.ForkedBooter.runSuitesInProcess(ForkedBooter.java:115)
	at org.apache.maven.surefire.booter.ForkedBooter.main(ForkedBooter.java:75)
</error>
    <system-out>16:20:31.881 [main] DEBUG b.photos.spring.FlickrPhotoDate - 2015-06-02 20:01:00
16:20:31.881 [main] DEBUG o.s.core.env.StandardEnvironment - Adding [systemProperties] PropertySource with lowest search precedence
16:20:31.881 [main] DEBUG o.s.core.env.StandardEnvironment - Adding [systemEnvironment] PropertySource with lowest search precedence
16:20:31.881 [main] DEBUG o.s.core.env.StandardEnvironment - Initialized StandardEnvironment with PropertySources [systemProperties,systemEnvironment]
16:20:31.882 [main] INFO  o.s.c.a.AnnotationConfigApplicationContext - Refreshing org.springframework.context.annotation.AnnotationConfigApplicationContext@6ee6f53: startup date [Sat Jan 19 16:20:31 GMT 2019]; root of context hierarchy
16:20:31.882 [main] DEBUG o.s.c.a.AnnotationConfigApplicationContext - Bean factory for org.springframework.context.annotation.AnnotationConfigApplicationContext@6ee6f53: org.springframework.beans.factory.support.DefaultListableBeanFactory@421bba99: defining beans [org.springframework.context.annotation.internalConfigurationAnnotationProcessor,org.springframework.context.annotation.internalAutowiredAnnotationProcessor,org.springframework.context.annotation.internalRequiredAnnotationProcessor,org.springframework.context.annotation.internalCommonAnnotationProcessor,complexComparisonTest]; root of factory hierarchy
16:20:31.882 [main] DEBUG o.s.b.f.s.DefaultListableBeanFactory - Creating shared instance of singleton bean &apos;org.springframework.context.annotation.internalConfigurationAnnotationProcessor&apos;
16:20:31.882 [main] DEBUG o.s.b.f.s.DefaultListableBeanFactory - Creating instance of bean &apos;org.springframework.context.annotation.internalConfigurationAnnotationProcessor&apos;
16:20:31.882 [main] DEBUG o.s.b.f.s.DefaultListableBeanFactory - Eagerly caching bean &apos;org.springframework.context.annotation.internalConfigurationAnnotationProcessor&apos; to allow for resolving potential circular references
16:20:31.882 [main] DEBUG o.s.b.f.s.DefaultListableBeanFactory - Finished creating instance of bean &apos;org.springframework.context.annotation.internalConfigurationAnnotationProcessor&apos;
16:20:31.883 [main] DEBUG o.s.core.env.StandardEnvironment - Adding [systemProperties] PropertySource with lowest search precedence
16:20:31.883 [main] DEBUG o.s.core.env.StandardEnvironment - Adding [systemEnvironment] PropertySource with lowest search precedence
16:20:31.883 [main] DEBUG o.s.core.env.StandardEnvironment - Initialized StandardEnvironment with PropertySources [systemProperties,systemEnvironment]
16:20:31.884 [main] DEBUG o.s.c.i.s.PathMatchingResourcePatternResolver - Looking for matching resources in directory tree [/Users/colinblack/Documents/workspace/photos/target/test-classes/blackco/photos/apps]
16:20:31.884 [main] DEBUG o.s.c.i.s.PathMatchingResourcePatternResolver - Searching directory [/Users/colinblack/Documents/workspace/photos/target/test-classes/blackco/photos/apps] for files matching pattern [/Users/colinblack/Documents/workspace/photos/target/test-classes/blackco/photos/apps/**/*.class]
16:20:31.884 [main] DEBUG o.s.c.i.s.PathMatchingResourcePatternResolver - Looking for matching resources in directory tree [/Users/colinblack/Documents/workspace/photos/target/classes/blackco/photos/apps]
16:20:31.884 [main] DEBUG o.s.c.i.s.PathMatchingResourcePatternResolver - Searching directory [/Users/colinblack/Documents/workspace/photos/target/classes/blackco/photos/apps] for files matching pattern [/Users/colinblack/Documents/workspace/photos/target/classes/blackco/photos/apps/**/*.class]
16:20:31.884 [main] DEBUG o.s.c.i.s.PathMatchingResourcePatternResolver - Resolved location pattern [classpath*:blackco/photos/apps/**/*.class] to resources [file [/Users/colinblack/Documents/workspace/photos/target/test-classes/blackco/photos/apps/ComplexComparisonStories.class], file [/Users/colinblack/Documents/workspace/photos/target/test-classes/blackco/photos/apps/ComplexComparisonStorySteps$1.class], file [/Users/colinblack/Documents/workspace/photos/target/test-classes/blackco/photos/apps/ComplexComparisonStorySteps$2.class], file [/Users/colinblack/Documents/workspace/photos/target/test-classes/blackco/photos/apps/ComplexComparisonStorySteps$3.class], file [/Users/colinblack/Documents/workspace/photos/target/test-classes/blackco/photos/apps/ComplexComparisonStorySteps$4.class], file [/Users/colinblack/Documents/workspace/photos/target/test-classes/blackco/photos/apps/ComplexComparisonStorySteps.class], file [/Users/colinblack/Documents/workspace/photos/target/test-classes/blackco/photos/apps/ComplexComparisonTest$1.class], file [/Users/colinblack/Documents/workspace/photos/target/test-classes/blackco/photos/apps/ComplexComparisonTest$2.class], file [/Users/colinblack/Documents/workspace/photos/target/test-classes/blackco/photos/apps/ComplexComparisonTest$3.class], file [/Users/colinblack/Documents/workspace/photos/target/test-classes/blackco/photos/apps/ComplexComparisonTest$4.class], file [/Users/colinblack/Documents/workspace/photos/target/test-classes/blackco/photos/apps/ComplexComparisonTest.class], file [/Users/colinblack/Documents/workspace/photos/target/classes/blackco/photos/apps/ComplexComparison.class], file [/Users/colinblack/Documents/workspace/photos/target/classes/blackco/photos/apps/DownloadFiles.class], file [/Users/colinblack/Documents/workspace/photos/target/classes/blackco/photos/apps/Setting.class], file [/Users/colinblack/Documents/workspace/photos/target/classes/blackco/photos/apps/Summary.class]]
16:20:31.885 [main] DEBUG o.s.c.a.ClassPathBeanDefinitionScanner - Identified candidate component class: file [/Users/colinblack/Documents/workspace/photos/target/test-classes/blackco/photos/apps/ComplexComparisonStorySteps.class]
16:20:31.887 [main] DEBUG o.s.core.env.StandardEnvironment - Adding [systemProperties] PropertySource with lowest search precedence
16:20:31.887 [main] DEBUG o.s.core.env.StandardEnvironment - Adding [systemEnvironment] PropertySource with lowest search precedence
16:20:31.887 [main] DEBUG o.s.core.env.StandardEnvironment - Initialized StandardEnvironment with PropertySources [systemProperties,systemEnvironment]
16:20:31.888 [main] DEBUG o.s.c.i.s.PathMatchingResourcePatternResolver - Looking for matching resources in directory tree [/Users/colinblack/Documents/workspace/photos/target/test-classes/blackco/photos/apps]
16:20:31.888 [main] DEBUG o.s.c.i.s.PathMatchingResourcePatternResolver - Searching directory [/Users/colinblack/Documents/workspace/photos/target/test-classes/blackco/photos/apps] for files matching pattern [/Users/colinblack/Documents/workspace/photos/target/test-classes/blackco/photos/apps/**/*.class]
16:20:31.888 [main] DEBUG o.s.c.i.s.PathMatchingResourcePatternResolver - Looking for matching resources in directory tree [/Users/colinblack/Documents/workspace/photos/target/classes/blackco/photos/apps]
16:20:31.888 [main] DEBUG o.s.c.i.s.PathMatchingResourcePatternResolver - Searching directory [/Users/colinblack/Documents/workspace/photos/target/classes/blackco/photos/apps] for files matching pattern [/Users/colinblack/Documents/workspace/photos/target/classes/blackco/photos/apps/**/*.class]
16:20:31.889 [main] DEBUG o.s.c.i.s.PathMatchingResourcePatternResolver - Resolved location pattern [classpath*:blackco/photos/apps/**/*.class] to resources [file [/Users/colinblack/Documents/workspace/photos/target/test-classes/blackco/photos/apps/ComplexComparisonStories.class], file [/Users/colinblack/Documents/workspace/photos/target/test-classes/blackco/photos/apps/ComplexComparisonStorySteps$1.class], file [/Users/colinblack/Documents/workspace/photos/target/test-classes/blackco/photos/apps/ComplexComparisonStorySteps$2.class], file [/Users/colinblack/Documents/workspace/photos/target/test-classes/blackco/photos/apps/ComplexComparisonStorySteps$3.class], file [/Users/colinblack/Documents/workspace/photos/target/test-classes/blackco/photos/apps/ComplexComparisonStorySteps$4.class], file [/Users/colinblack/Documents/workspace/photos/target/test-classes/blackco/photos/apps/ComplexComparisonStorySteps.class], file [/Users/colinblack/Documents/workspace/photos/target/test-classes/blackco/photos/apps/ComplexComparisonTest$1.class], file [/Users/colinblack/Documents/workspace/photos/target/test-classes/blackco/photos/apps/ComplexComparisonTest$2.class], file [/Users/colinblack/Documents/workspace/photos/target/test-classes/blackco/photos/apps/ComplexComparisonTest$3.class], file [/Users/colinblack/Documents/workspace/photos/target/test-classes/blackco/photos/apps/ComplexComparisonTest$4.class], file [/Users/colinblack/Documents/workspace/photos/target/test-classes/blackco/photos/apps/ComplexComparisonTest.class], file [/Users/colinblack/Documents/workspace/photos/target/classes/blackco/photos/apps/ComplexComparison.class], file [/Users/colinblack/Documents/workspace/photos/target/classes/blackco/photos/apps/DownloadFiles.class], file [/Users/colinblack/Documents/workspace/photos/target/classes/blackco/photos/apps/Setting.class], file [/Users/colinblack/Documents/workspace/photos/target/classes/blackco/photos/apps/Summary.class]]
16:20:31.890 [main] DEBUG o.s.c.a.ClassPathBeanDefinitionScanner - Identified candidate component class: file [/Users/colinblack/Documents/workspace/photos/target/test-classes/blackco/photos/apps/ComplexComparisonTest.class]
16:20:31.892 [main] DEBUG o.s.c.a.ConfigurationClassBeanDefinitionReader - Registering bean definition for @Bean method blackco.photos.apps.ComplexComparisonStorySteps.myPhotosService()
16:20:31.892 [main] DEBUG o.s.c.a.ConfigurationClassBeanDefinitionReader - Registering bean definition for @Bean method blackco.photos.apps.ComplexComparisonStorySteps.mySearchService()
16:20:31.892 [main] DEBUG o.s.c.a.ConfigurationClassBeanDefinitionReader - Registering bean definition for @Bean method blackco.photos.apps.ComplexComparisonStorySteps.myGetInfoService()
16:20:31.892 [main] DEBUG o.s.c.a.ConfigurationClassBeanDefinitionReader - Registering bean definition for @Bean method blackco.photos.apps.ComplexComparisonStorySteps.myGetExifService()
16:20:31.892 [main] DEBUG o.s.c.a.ConfigurationClassBeanDefinitionReader - Registering bean definition for @Bean method blackco.photos.apps.ComplexComparisonStorySteps.myMyPhotos()
16:20:31.892 [main] DEBUG o.s.c.a.ConfigurationClassBeanDefinitionReader - Registering bean definition for @Bean method blackco.photos.apps.ComplexComparisonStorySteps.myMyPhotoMetaDataReader()
16:20:31.892 [main] DEBUG o.s.c.a.ConfigurationClassBeanDefinitionReader - Registering bean definition for @Bean method blackco.photos.apps.ComplexComparisonStorySteps.myPhotoFinder()
16:20:31.892 [main] DEBUG o.s.c.a.ConfigurationClassBeanDefinitionReader - Registering bean definition for @Bean method blackco.photos.apps.ComplexComparisonTest.myPhotosService()
16:20:31.892 [main] INFO  o.s.b.f.s.DefaultListableBeanFactory - Overriding bean definition for bean &apos;myPhotosService&apos;: replacing [Root bean: class [null]; scope=; abstract=false; lazyInit=false; autowireMode=3; dependencyCheck=0; autowireCandidate=true; primary=false; factoryBeanName=complexComparisonStorySteps; factoryMethodName=myPhotosService; initMethodName=null; destroyMethodName=(inferred); defined in class path resource [blackco/photos/apps/ComplexComparisonStorySteps.class]] with [Root bean: class [null]; scope=; abstract=false; lazyInit=false; autowireMode=3; dependencyCheck=0; autowireCandidate=true; primary=false; factoryBeanName=complexComparisonTest; factoryMethodName=myPhotosService; initMethodName=null; destroyMethodName=(inferred); defined in blackco.photos.apps.ComplexComparisonTest]
16:20:31.892 [main] DEBUG o.s.c.a.ConfigurationClassBeanDefinitionReader - Registering bean definition for @Bean method blackco.photos.apps.ComplexComparisonTest.mySearchService()
16:20:31.892 [main] INFO  o.s.b.f.s.DefaultListableBeanFactory - Overriding bean definition for bean &apos;mySearchService&apos;: replacing [Root bean: class [null]; scope=; abstract=false; lazyInit=false; autowireMode=3; dependencyCheck=0; autowireCandidate=true; primary=false; factoryBeanName=complexComparisonStorySteps; factoryMethodName=mySearchService; initMethodName=null; destroyMethodName=(inferred); defined in class path resource [blackco/photos/apps/ComplexComparisonStorySteps.class]] with [Root bean: class [null]; scope=; abstract=false; lazyInit=false; autowireMode=3; dependencyCheck=0; autowireCandidate=true; primary=false; factoryBeanName=complexComparisonTest; factoryMethodName=mySearchService; initMethodName=null; destroyMethodName=(inferred); defined in blackco.photos.apps.ComplexComparisonTest]
16:20:31.892 [main] DEBUG o.s.c.a.ConfigurationClassBeanDefinitionReader - Registering bean definition for @Bean method blackco.photos.apps.ComplexComparisonTest.myGetInfoService()
16:20:31.892 [main] INFO  o.s.b.f.s.DefaultListableBeanFactory - Overriding bean definition for bean &apos;myGetInfoService&apos;: replacing [Root bean: class [null]; scope=; abstract=false; lazyInit=false; autowireMode=3; dependencyCheck=0; autowireCandidate=true; primary=false; factoryBeanName=complexComparisonStorySteps; factoryMethodName=myGetInfoService; initMethodName=null; destroyMethodName=(inferred); defined in class path resource [blackco/photos/apps/ComplexComparisonStorySteps.class]] with [Root bean: class [null]; scope=; abstract=false; lazyInit=false; autowireMode=3; dependencyCheck=0; autowireCandidate=true; primary=false; factoryBeanName=complexComparisonTest; factoryMethodName=myGetInfoService; initMethodName=null; destroyMethodName=(inferred); defined in blackco.photos.apps.ComplexComparisonTest]
16:20:31.893 [main] DEBUG o.s.c.a.ConfigurationClassBeanDefinitionReader - Registering bean definition for @Bean method blackco.photos.apps.ComplexComparisonTest.myGetExifService()
16:20:31.893 [main] INFO  o.s.b.f.s.DefaultListableBeanFactory - Overriding bean definition for bean &apos;myGetExifService&apos;: replacing [Root bean: class [null]; scope=; abstract=false; lazyInit=false; autowireMode=3; dependencyCheck=0; autowireCandidate=true; primary=false; factoryBeanName=complexComparisonStorySteps; factoryMethodName=myGetExifService; initMethodName=null; destroyMethodName=(inferred); defined in class path resource [blackco/photos/apps/ComplexComparisonStorySteps.class]] with [Root bean: class [null]; scope=; abstract=false; lazyInit=false; autowireMode=3; dependencyCheck=0; autowireCandidate=true; primary=false; factoryBeanName=complexComparisonTest; factoryMethodName=myGetExifService; initMethodName=null; destroyMethodName=(inferred); defined in blackco.photos.apps.ComplexComparisonTest]
16:20:31.893 [main] DEBUG o.s.c.a.ConfigurationClassBeanDefinitionReader - Registering bean definition for @Bean method blackco.photos.apps.ComplexComparisonTest.myMyPhotos()
16:20:31.893 [main] INFO  o.s.b.f.s.DefaultListableBeanFactory - Overriding bean definition for bean &apos;myMyPhotos&apos;: replacing [Root bean: class [null]; scope=; abstract=false; lazyInit=false; autowireMode=3; dependencyCheck=0; autowireCandidate=true; primary=false; factoryBeanName=complexComparisonStorySteps; factoryMethodName=myMyPhotos; initMethodName=null; destroyMethodName=(inferred); defined in class path resource [blackco/photos/apps/ComplexComparisonStorySteps.class]] with [Root bean: class [null]; scope=; abstract=false; lazyInit=false; autowireMode=3; dependencyCheck=0; autowireCandidate=true; primary=false; factoryBeanName=complexComparisonTest; factoryMethodName=myMyPhotos; initMethodName=null; destroyMethodName=(inferred); defined in blackco.photos.apps.ComplexComparisonTest]
16:20:31.893 [main] DEBUG o.s.c.a.ConfigurationClassBeanDefinitionReader - Registering bean definition for @Bean method blackco.photos.apps.ComplexComparisonTest.myMyPhotoMetaDataReader()
16:20:31.893 [main] INFO  o.s.b.f.s.DefaultListableBeanFactory - Overriding bean definition for bean &apos;myMyPhotoMetaDataReader&apos;: replacing [Root bean: class [null]; scope=; abstract=false; lazyInit=false; autowireMode=3; dependencyCheck=0; autowireCandidate=true; primary=false; factoryBeanName=complexComparisonStorySteps; factoryMethodName=myMyPhotoMetaDataReader; initMethodName=null; destroyMethodName=(inferred); defined in class path resource [blackco/photos/apps/ComplexComparisonStorySteps.class]] with [Root bean: class [null]; scope=; abstract=false; lazyInit=false; autowireMode=3; dependencyCheck=0; autowireCandidate=true; primary=false; factoryBeanName=complexComparisonTest; factoryMethodName=myMyPhotoMetaDataReader; initMethodName=null; destroyMethodName=(inferred); defined in blackco.photos.apps.ComplexComparisonTest]
16:20:31.893 [main] DEBUG o.s.c.a.ConfigurationClassBeanDefinitionReader - Registering bean definition for @Bean method blackco.photos.apps.ComplexComparisonTest.myPhotoFinder()
16:20:31.893 [main] INFO  o.s.b.f.s.DefaultListableBeanFactory - Overriding bean definition for bean &apos;myPhotoFinder&apos;: replacing [Root bean: class [null]; scope=; abstract=false; lazyInit=false; autowireMode=3; dependencyCheck=0; autowireCandidate=true; primary=false; factoryBeanName=complexComparisonStorySteps; factoryMethodName=myPhotoFinder; initMethodName=null; destroyMethodName=(inferred); defined in class path resource [blackco/photos/apps/ComplexComparisonStorySteps.class]] with [Root bean: class [null]; scope=; abstract=false; lazyInit=false; autowireMode=3; dependencyCheck=0; autowireCandidate=true; primary=false; factoryBeanName=complexComparisonTest; factoryMethodName=myPhotoFinder; initMethodName=null; destroyMethodName=(inferred); defined in blackco.photos.apps.ComplexComparisonTest]
16:20:31.894 [main] DEBUG o.s.c.a.ConfigurationClassEnhancer - Successfully enhanced blackco.photos.apps.ComplexComparisonTest; enhanced class name is: blackco.photos.apps.ComplexComparisonTest$$EnhancerBySpringCGLIB$$c9f39245
16:20:31.895 [main] DEBUG o.s.c.a.ConfigurationClassPostProcessor - Replacing bean definition &apos;complexComparisonTest&apos; existing class name &apos;blackco.photos.apps.ComplexComparisonTest&apos; with enhanced class name &apos;blackco.photos.apps.ComplexComparisonTest$$EnhancerBySpringCGLIB$$c9f39245&apos;
16:20:31.895 [main] DEBUG o.s.c.a.ConfigurationClassEnhancer - Successfully enhanced blackco.photos.apps.ComplexComparisonStorySteps; enhanced class name is: blackco.photos.apps.ComplexComparisonStorySteps$$EnhancerBySpringCGLIB$$4fe39fa5
16:20:31.895 [main] DEBUG o.s.c.a.ConfigurationClassPostProcessor - Replacing bean definition &apos;complexComparisonStorySteps&apos; existing class name &apos;blackco.photos.apps.ComplexComparisonStorySteps&apos; with enhanced class name &apos;blackco.photos.apps.ComplexComparisonStorySteps$$EnhancerBySpringCGLIB$$4fe39fa5&apos;
16:20:31.896 [main] DEBUG o.s.b.f.s.DefaultListableBeanFactory - Creating shared instance of singleton bean &apos;org.springframework.context.annotation.internalAutowiredAnnotationProcessor&apos;
16:20:31.896 [main] DEBUG o.s.b.f.s.DefaultListableBeanFactory - Creating instance of bean &apos;org.springframework.context.annotation.internalAutowiredAnnotationProcessor&apos;
16:20:31.896 [main] DEBUG o.s.b.f.s.DefaultListableBeanFactory - Eagerly caching bean &apos;org.springframework.context.annotation.internalAutowiredAnnotationProcessor&apos; to allow for resolving potential circular references
16:20:31.896 [main] DEBUG o.s.b.f.s.DefaultListableBeanFactory - Finished creating instance of bean &apos;org.springframework.context.annotation.internalAutowiredAnnotationProcessor&apos;
16:20:31.896 [main] DEBUG o.s.b.f.s.DefaultListableBeanFactory - Creating shared instance of singleton bean &apos;org.springframework.context.annotation.internalRequiredAnnotationProcessor&apos;
16:20:31.896 [main] DEBUG o.s.b.f.s.DefaultListableBeanFactory - Creating instance of bean &apos;org.springframework.context.annotation.internalRequiredAnnotationProcessor&apos;
16:20:31.896 [main] DEBUG o.s.b.f.s.DefaultListableBeanFactory - Eagerly caching bean &apos;org.springframework.context.annotation.internalRequiredAnnotationProcessor&apos; to allow for resolving potential circular references
16:20:31.896 [main] DEBUG o.s.b.f.s.DefaultListableBeanFactory - Finished creating instance of bean &apos;org.springframework.context.annotation.internalRequiredAnnotationProcessor&apos;
16:20:31.896 [main] DEBUG o.s.b.f.s.DefaultListableBeanFactory - Creating shared instance of singleton bean &apos;org.springframework.context.annotation.internalCommonAnnotationProcessor&apos;
16:20:31.896 [main] DEBUG o.s.b.f.s.DefaultListableBeanFactory - Creating instance of bean &apos;org.springframework.context.annotation.internalCommonAnnotationProcessor&apos;
16:20:31.896 [main] DEBUG o.s.b.f.s.DefaultListableBeanFactory - Eagerly caching bean &apos;org.springframework.context.annotation.internalCommonAnnotationProcessor&apos; to allow for resolving potential circular references
16:20:31.896 [main] DEBUG o.s.b.f.s.DefaultListableBeanFactory - Finished creating instance of bean &apos;org.springframework.context.annotation.internalCommonAnnotationProcessor&apos;
16:20:31.896 [main] DEBUG o.s.b.f.s.DefaultListableBeanFactory - Creating shared instance of singleton bean &apos;org.springframework.context.annotation.ConfigurationClassPostProcessor.importAwareProcessor&apos;
16:20:31.896 [main] DEBUG o.s.b.f.s.DefaultListableBeanFactory - Creating instance of bean &apos;org.springframework.context.annotation.ConfigurationClassPostProcessor.importAwareProcessor&apos;
16:20:31.896 [main] DEBUG o.s.b.f.s.DefaultListableBeanFactory - Eagerly caching bean &apos;org.springframework.context.annotation.ConfigurationClassPostProcessor.importAwareProcessor&apos; to allow for resolving potential circular references
16:20:31.896 [main] DEBUG o.s.b.f.s.DefaultListableBeanFactory - Finished creating instance of bean &apos;org.springframework.context.annotation.ConfigurationClassPostProcessor.importAwareProcessor&apos;
16:20:31.896 [main] DEBUG o.s.b.f.s.DefaultListableBeanFactory - Creating shared instance of singleton bean &apos;org.springframework.context.annotation.ConfigurationClassPostProcessor.enhancedConfigurationProcessor&apos;
16:20:31.896 [main] DEBUG o.s.b.f.s.DefaultListableBeanFactory - Creating instance of bean &apos;org.springframework.context.annotation.ConfigurationClassPostProcessor.enhancedConfigurationProcessor&apos;
16:20:31.896 [main] DEBUG o.s.b.f.s.DefaultListableBeanFactory - Eagerly caching bean &apos;org.springframework.context.annotation.ConfigurationClassPostProcessor.enhancedConfigurationProcessor&apos; to allow for resolving potential circular references
16:20:31.897 [main] DEBUG o.s.b.f.s.DefaultListableBeanFactory - Finished creating instance of bean &apos;org.springframework.context.annotation.ConfigurationClassPostProcessor.enhancedConfigurationProcessor&apos;
16:20:31.897 [main] DEBUG o.s.c.a.AnnotationConfigApplicationContext - Unable to locate MessageSource with name &apos;messageSource&apos;: using default [org.springframework.context.support.DelegatingMessageSource@13f95696]
16:20:31.897 [main] DEBUG o.s.c.a.AnnotationConfigApplicationContext - Unable to locate ApplicationEventMulticaster with name &apos;applicationEventMulticaster&apos;: using default [org.springframework.context.event.SimpleApplicationEventMulticaster@cd1d761]
16:20:31.897 [main] DEBUG o.s.b.f.s.DefaultListableBeanFactory - Pre-instantiating singletons in org.springframework.beans.factory.support.DefaultListableBeanFactory@421bba99: defining beans [org.springframework.context.annotation.internalConfigurationAnnotationProcessor,org.springframework.context.annotation.internalAutowiredAnnotationProcessor,org.springframework.context.annotation.internalRequiredAnnotationProcessor,org.springframework.context.annotation.internalCommonAnnotationProcessor,complexComparisonTest,org.springframework.context.annotation.ConfigurationClassPostProcessor.importAwareProcessor,org.springframework.context.annotation.ConfigurationClassPostProcessor.enhancedConfigurationProcessor,complexComparisonStorySteps,myPhotosService,mySearchService,myGetInfoService,myGetExifService,myMyPhotos,myMyPhotoMetaDataReader,myPhotoFinder]; root of factory hierarchy
16:20:31.897 [main] DEBUG o.s.b.f.s.DefaultListableBeanFactory - Returning cached instance of singleton bean &apos;org.springframework.context.annotation.internalConfigurationAnnotationProcessor&apos;
16:20:31.897 [main] DEBUG o.s.b.f.s.DefaultListableBeanFactory - Returning cached instance of singleton bean &apos;org.springframework.context.annotation.internalAutowiredAnnotationProcessor&apos;
16:20:31.897 [main] DEBUG o.s.b.f.s.DefaultListableBeanFactory - Returning cached instance of singleton bean &apos;org.springframework.context.annotation.internalRequiredAnnotationProcessor&apos;
16:20:31.897 [main] DEBUG o.s.b.f.s.DefaultListableBeanFactory - Returning cached instance of singleton bean &apos;org.springframework.context.annotation.internalCommonAnnotationProcessor&apos;
16:20:31.897 [main] DEBUG o.s.b.f.s.DefaultListableBeanFactory - Creating shared instance of singleton bean &apos;complexComparisonTest&apos;
16:20:31.897 [main] DEBUG o.s.b.f.s.DefaultListableBeanFactory - Creating instance of bean &apos;complexComparisonTest&apos;
16:20:31.898 [main] DEBUG o.s.b.f.s.DefaultListableBeanFactory - Eagerly caching bean &apos;complexComparisonTest&apos; to allow for resolving potential circular references
16:20:31.898 [main] DEBUG o.s.b.f.s.DefaultListableBeanFactory - Finished creating instance of bean &apos;complexComparisonTest&apos;
16:20:31.898 [main] DEBUG o.s.b.f.s.DefaultListableBeanFactory - Returning cached instance of singleton bean &apos;org.springframework.context.annotation.ConfigurationClassPostProcessor.importAwareProcessor&apos;
16:20:31.898 [main] DEBUG o.s.b.f.s.DefaultListableBeanFactory - Returning cached instance of singleton bean &apos;org.springframework.context.annotation.ConfigurationClassPostProcessor.enhancedConfigurationProcessor&apos;
16:20:31.898 [main] DEBUG o.s.b.f.s.DefaultListableBeanFactory - Creating shared instance of singleton bean &apos;complexComparisonStorySteps&apos;
16:20:31.898 [main] DEBUG o.s.b.f.s.DefaultListableBeanFactory - Creating instance of bean &apos;complexComparisonStorySteps&apos;
16:20:31.898 [main] DEBUG o.s.b.f.s.DefaultListableBeanFactory - Eagerly caching bean &apos;complexComparisonStorySteps&apos; to allow for resolving potential circular references
16:20:31.898 [main] DEBUG o.s.b.f.s.DefaultListableBeanFactory - Finished creating instance of bean &apos;complexComparisonStorySteps&apos;
16:20:31.898 [main] DEBUG o.s.b.f.s.DefaultListableBeanFactory - Creating shared instance of singleton bean &apos;myPhotosService&apos;
16:20:31.898 [main] DEBUG o.s.b.f.s.DefaultListableBeanFactory - Creating instance of bean &apos;myPhotosService&apos;
16:20:31.898 [main] DEBUG o.s.b.f.s.DefaultListableBeanFactory - Returning cached instance of singleton bean &apos;complexComparisonTest&apos;
16:20:31.899 [main] DEBUG o.s.b.f.s.DefaultListableBeanFactory - Eagerly caching bean &apos;myPhotosService&apos; to allow for resolving potential circular references
16:20:31.899 [main] DEBUG o.s.b.f.s.DefaultListableBeanFactory - Finished creating instance of bean &apos;myPhotosService&apos;
16:20:31.899 [main] DEBUG o.s.b.f.s.DefaultListableBeanFactory - Creating shared instance of singleton bean &apos;mySearchService&apos;
16:20:31.899 [main] DEBUG o.s.b.f.s.DefaultListableBeanFactory - Creating instance of bean &apos;mySearchService&apos;
16:20:31.899 [main] DEBUG o.s.b.f.s.DefaultListableBeanFactory - Returning cached instance of singleton bean &apos;complexComparisonTest&apos;
16:20:31.900 [main] DEBUG o.s.b.f.annotation.InjectionMetadata - Registered injected element on class [blackco.photos.apps.ComplexComparisonTest$2]: AutowiredMethodElement for public void blackco.photos.apps.ComplexComparisonTest$2.setPhotos(blackco.photos.spring.PhotosService)
16:20:31.900 [main] DEBUG o.s.b.f.s.DefaultListableBeanFactory - Eagerly caching bean &apos;mySearchService&apos; to allow for resolving potential circular references
16:20:31.900 [main] DEBUG o.s.b.f.annotation.InjectionMetadata - Processing injected element of bean &apos;mySearchService&apos;: AutowiredMethodElement for public void blackco.photos.apps.ComplexComparisonTest$2.setPhotos(blackco.photos.spring.PhotosService)
16:20:31.900 [main] DEBUG o.s.b.f.s.DefaultListableBeanFactory - Returning cached instance of singleton bean &apos;myPhotosService&apos;
16:20:31.900 [main] DEBUG o.s.b.f.a.AutowiredAnnotationBeanPostProcessor - Autowiring by type from bean name &apos;mySearchService&apos; to bean named &apos;myPhotosService&apos;
16:20:31.900 [main] DEBUG o.s.b.f.s.DefaultListableBeanFactory - Finished creating instance of bean &apos;mySearchService&apos;
16:20:31.900 [main] DEBUG o.s.b.f.s.DefaultListableBeanFactory - Creating shared instance of singleton bean &apos;myGetInfoService&apos;
16:20:31.900 [main] DEBUG o.s.b.f.s.DefaultListableBeanFactory - Creating instance of bean &apos;myGetInfoService&apos;
16:20:31.901 [main] DEBUG o.s.b.f.s.DefaultListableBeanFactory - Returning cached instance of singleton bean &apos;complexComparisonTest&apos;
16:20:31.901 [main] DEBUG o.s.b.f.annotation.InjectionMetadata - Registered injected element on class [blackco.photos.apps.ComplexComparisonTest$3]: AutowiredMethodElement for public void blackco.photos.apps.ComplexComparisonTest$3.setPhotos(blackco.photos.spring.PhotosService)
16:20:31.901 [main] DEBUG o.s.b.f.s.DefaultListableBeanFactory - Eagerly caching bean &apos;myGetInfoService&apos; to allow for resolving potential circular references
16:20:31.901 [main] DEBUG o.s.b.f.annotation.InjectionMetadata - Processing injected element of bean &apos;myGetInfoService&apos;: AutowiredMethodElement for public void blackco.photos.apps.ComplexComparisonTest$3.setPhotos(blackco.photos.spring.PhotosService)
16:20:31.901 [main] DEBUG o.s.b.f.s.DefaultListableBeanFactory - Returning cached instance of singleton bean &apos;myPhotosService&apos;
16:20:31.901 [main] DEBUG o.s.b.f.a.AutowiredAnnotationBeanPostProcessor - Autowiring by type from bean name &apos;myGetInfoService&apos; to bean named &apos;myPhotosService&apos;
16:20:31.901 [main] DEBUG o.s.b.f.s.DefaultListableBeanFactory - Finished creating instance of bean &apos;myGetInfoService&apos;
16:20:31.901 [main] DEBUG o.s.b.f.s.DefaultListableBeanFactory - Creating shared instance of singleton bean &apos;myGetExifService&apos;
16:20:31.901 [main] DEBUG o.s.b.f.s.DefaultListableBeanFactory - Creating instance of bean &apos;myGetExifService&apos;
16:20:31.901 [main] DEBUG o.s.b.f.s.DefaultListableBeanFactory - Returning cached instance of singleton bean &apos;complexComparisonTest&apos;
16:20:31.902 [main] DEBUG o.s.b.f.annotation.InjectionMetadata - Registered injected element on class [blackco.photos.apps.ComplexComparisonTest$4]: AutowiredMethodElement for public void blackco.photos.apps.ComplexComparisonTest$4.setPhotos(blackco.photos.spring.PhotosService)
16:20:31.902 [main] DEBUG o.s.b.f.s.DefaultListableBeanFactory - Eagerly caching bean &apos;myGetExifService&apos; to allow for resolving potential circular references
16:20:31.902 [main] DEBUG o.s.b.f.annotation.InjectionMetadata - Processing injected element of bean &apos;myGetExifService&apos;: AutowiredMethodElement for public void blackco.photos.apps.ComplexComparisonTest$4.setPhotos(blackco.photos.spring.PhotosService)
16:20:31.902 [main] DEBUG o.s.b.f.s.DefaultListableBeanFactory - Returning cached instance of singleton bean &apos;myPhotosService&apos;
16:20:31.902 [main] DEBUG o.s.b.f.a.AutowiredAnnotationBeanPostProcessor - Autowiring by type from bean name &apos;myGetExifService&apos; to bean named &apos;myPhotosService&apos;
16:20:31.902 [main] DEBUG o.s.b.f.s.DefaultListableBeanFactory - Finished creating instance of bean &apos;myGetExifService&apos;
16:20:31.902 [main] DEBUG o.s.b.f.s.DefaultListableBeanFactory - Creating shared instance of singleton bean &apos;myMyPhotos&apos;
16:20:31.904 [main] DEBUG o.s.b.f.s.DefaultListableBeanFactory - Creating instance of bean &apos;myMyPhotos&apos;
16:20:31.904 [main] DEBUG o.s.b.f.s.DefaultListableBeanFactory - Returning cached instance of singleton bean &apos;complexComparisonTest&apos;
16:20:31.905 [main] DEBUG o.s.b.f.annotation.InjectionMetadata - Registered injected element on class [blackco.photos.spring.MyPhotosImpl]: AutowiredMethodElement for public void blackco.photos.spring.MyPhotosImpl.setMyPhotoMetaDataReader(blackco.photos.spring.MyPhotoMetaDataReader)
16:20:31.905 [main] DEBUG o.s.b.f.annotation.InjectionMetadata - Registered injected element on class [blackco.photos.spring.MyPhotosImpl]: AutowiredMethodElement for public void blackco.photos.spring.MyPhotosImpl.setPhotoFinder(blackco.photos.spring.PhotoFinder)
16:20:31.905 [main] DEBUG o.s.b.f.s.DefaultListableBeanFactory - Eagerly caching bean &apos;myMyPhotos&apos; to allow for resolving potential circular references
16:20:31.905 [main] DEBUG o.s.b.f.annotation.InjectionMetadata - Processing injected element of bean &apos;myMyPhotos&apos;: AutowiredMethodElement for public void blackco.photos.spring.MyPhotosImpl.setMyPhotoMetaDataReader(blackco.photos.spring.MyPhotoMetaDataReader)
16:20:31.905 [main] DEBUG o.s.b.f.s.DefaultListableBeanFactory - Creating shared instance of singleton bean &apos;myMyPhotoMetaDataReader&apos;
16:20:31.905 [main] DEBUG o.s.b.f.s.DefaultListableBeanFactory - Creating instance of bean &apos;myMyPhotoMetaDataReader&apos;
16:20:31.905 [main] DEBUG o.s.b.f.s.DefaultListableBeanFactory - Returning cached instance of singleton bean &apos;complexComparisonTest&apos;
16:20:31.905 [main] DEBUG o.s.b.f.s.DefaultListableBeanFactory - Eagerly caching bean &apos;myMyPhotoMetaDataReader&apos; to allow for resolving potential circular references
16:20:31.905 [main] DEBUG o.s.b.f.s.DefaultListableBeanFactory - Finished creating instance of bean &apos;myMyPhotoMetaDataReader&apos;
16:20:31.905 [main] DEBUG o.s.b.f.a.AutowiredAnnotationBeanPostProcessor - Autowiring by type from bean name &apos;myMyPhotos&apos; to bean named &apos;myMyPhotoMetaDataReader&apos;
16:20:31.905 [main] DEBUG o.s.b.f.annotation.InjectionMetadata - Processing injected element of bean &apos;myMyPhotos&apos;: AutowiredMethodElement for public void blackco.photos.spring.MyPhotosImpl.setPhotoFinder(blackco.photos.spring.PhotoFinder)
16:20:31.905 [main] DEBUG o.s.b.f.s.DefaultListableBeanFactory - Creating shared instance of singleton bean &apos;myPhotoFinder&apos;
16:20:31.905 [main] DEBUG o.s.b.f.s.DefaultListableBeanFactory - Creating instance of bean &apos;myPhotoFinder&apos;
16:20:31.905 [main] DEBUG o.s.b.f.s.DefaultListableBeanFactory - Returning cached instance of singleton bean &apos;complexComparisonTest&apos;
16:20:31.906 [main] DEBUG o.s.b.f.s.DefaultListableBeanFactory - Eagerly caching bean &apos;myPhotoFinder&apos; to allow for resolving potential circular references
16:20:31.906 [main] DEBUG o.s.b.f.s.DefaultListableBeanFactory - Finished creating instance of bean &apos;myPhotoFinder&apos;
16:20:31.906 [main] DEBUG o.s.b.f.a.AutowiredAnnotationBeanPostProcessor - Autowiring by type from bean name &apos;myMyPhotos&apos; to bean named &apos;myPhotoFinder&apos;
16:20:31.906 [main] DEBUG o.s.b.f.s.DefaultListableBeanFactory - Finished creating instance of bean &apos;myMyPhotos&apos;
16:20:31.906 [main] DEBUG o.s.b.f.s.DefaultListableBeanFactory - Returning cached instance of singleton bean &apos;myMyPhotoMetaDataReader&apos;
16:20:31.906 [main] DEBUG o.s.b.f.s.DefaultListableBeanFactory - Returning cached instance of singleton bean &apos;myPhotoFinder&apos;
16:20:31.906 [main] DEBUG o.s.c.a.AnnotationConfigApplicationContext - Unable to locate LifecycleProcessor with name &apos;lifecycleProcessor&apos;: using default [org.springframework.context.support.DefaultLifecycleProcessor@68be8808]
16:20:31.906 [main] DEBUG o.s.b.f.s.DefaultListableBeanFactory - Returning cached instance of singleton bean &apos;lifecycleProcessor&apos;
16:20:31.906 [main] DEBUG o.s.c.e.PropertySourcesPropertyResolver - Searching for key &apos;spring.liveBeansView.mbeanDomain&apos; in [systemProperties]
16:20:31.906 [main] DEBUG o.s.c.e.PropertySourcesPropertyResolver - Searching for key &apos;spring.liveBeansView.mbeanDomain&apos; in [systemEnvironment]
16:20:31.906 [main] DEBUG o.s.c.e.PropertySourcesPropertyResolver - Could not find key &apos;spring.liveBeansView.mbeanDomain&apos; in any property source. Returning [null]
16:20:31.906 [main] DEBUG o.s.b.f.s.DefaultListableBeanFactory - Returning cached instance of singleton bean &apos;myPhotosService&apos;
myPhotosService.setPhoto(): id=1 ,title=null,camera=TEST CAMERA, taken=Tue Jun 02 20:01:00 BST 2015,origFileName=null
16:20:31.906 [main] DEBUG o.s.b.f.s.DefaultListableBeanFactory - Returning cached instance of singleton bean &apos;myMyPhotos&apos;
myPhotosService.setPhoto(): id=UNPROCESSED ,title=UNPROCESSED,camera=null, taken=null,origFileName=null
myPhotosService.setPhoto(): id=UNMATCHED ,title=UNMATCHED,camera=null, taken=null,origFileName=null
myPhotosService.setPhoto(): id=INSUFFICIENT_METADATA_NO_DATE ,title=INSUFFICIENT_METADATA_NO_DATE,camera=null, taken=null,origFileName=null
myPhotosService.setPhoto(): id=INSUFFICIENT_METADATA_NO_CAMERA ,title=INSUFFICIENT_METADATA_NO_CAMERA,camera=null, taken=null,origFileName=null
16:20:31.907 [main] DEBUG blackco.photos.spring.MyPhotosImpl - MyPhotosImpl.open(): cache = /Users/colinblack/Documents/workspace/photos/src/test/test-fixtures/myPhotosUnitTestsCache.json
16:20:31.907 [main] INFO  blackco.photos.spring.MyPhotosImpl - reading directories cache
16:20:31.908 [main] DEBUG blackco.photos.spring.MyPhotosImpl - myPhotoCache Location= /Users/colinblack/Documents/workspace/photos/src/test/test-fixtures/myPhotosUnitTestsCache.json
16:20:31.908 [main] DEBUG blackco.photos.spring.MyPhotosImpl - Initialized myPhotosCache:{}
16:20:31.908 [main] DEBUG o.s.b.f.s.DefaultListableBeanFactory - Returning cached instance of singleton bean &apos;mySearchService&apos;
16:20:31.908 [main] DEBUG o.s.b.f.s.DefaultListableBeanFactory - Returning cached instance of singleton bean &apos;myGetInfoService&apos;
16:20:31.909 [main] DEBUG o.s.b.f.s.DefaultListableBeanFactory - Returning cached instance of singleton bean &apos;myGetExifService&apos;
16:20:31.909 [main] DEBUG o.s.b.f.s.DefaultListableBeanFactory - Returning cached instance of singleton bean &apos;myMyPhotos&apos;
16:20:31.909 [main] DEBUG o.s.b.f.s.DefaultListableBeanFactory - Returning cached instance of singleton bean &apos;myPhotosService&apos;
16:20:31.909 [main] DEBUG o.s.b.f.s.DefaultListableBeanFactory - Returning cached instance of singleton bean &apos;myMyPhotos&apos;
16:20:31.909 [main] DEBUG b.photos.spring.FlickrPhotoDate - 2015-06-01 15:00:10
16:20:31.909 [main] INFO  blackco.photos.spring.MyPhotosImpl - Adding myPhoto to cache for first timeblackco.photos.spring.MyPhoto@6b8d96d9
16:20:31.909 [main] DEBUG b.photos.apps.ComplexComparison - process: unprocessed photos(): dir = TEST3, photos=[blackco.photos.spring.MyPhoto@6b8d96d9]
16:20:31.909 [main] INFO  b.photos.apps.ComplexComparison - tryAgain=false,photos to process [blackco.photos.spring.MyPhoto@6b8d96d9]
16:20:31.909 [main] DEBUG b.photos.apps.ComplexComparison - MyPhoto=blackco.photos.spring.MyPhoto@6b8d96d9
16:20:31.909 [main] INFO  b.photos.apps.ComplexComparison - ComplexComparision: Processed 1 of 1
16:20:31.909 [main] INFO  blackco.photos.spring.MyPhotosImpl - Writing directories cache
16:20:31.910 [main] ERROR blackco.photos.spring.MyPhotosImpl - java.io.FileNotFoundException: /Users/colinblack/Documents/workspace/photos/src/test/test-fixtures/myPhotosUnitTestsCache.json/directoriesCache.json (Not a directory)
16:20:31.910 [main] DEBUG blackco.photos.spring.MyPhotosImpl - save(): persisted to disk = /Users/colinblack/Documents/workspace/photos/src/test/test-fixtures/myPhotosUnitTestsCache.json
16:20:31.910 [main] INFO  b.photos.apps.ComplexComparison - ComplexComparision: Persisted
16:20:31.910 [main] DEBUG blackco.photos.spring.MyPhotosImpl - MyPhotosImpl.open(): cache = /Users/colinblack/Documents/workspace/photos/src/test/test-fixtures/myPhotosUnitTestsCache.json
16:20:31.910 [main] INFO  blackco.photos.spring.MyPhotosImpl - reading directories cache
16:20:31.912 [main] DEBUG blackco.photos.spring.MyPhotosImpl - myPhotoCache Location= /Users/colinblack/Documents/workspace/photos/src/test/test-fixtures/myPhotosUnitTestsCache.json
16:20:31.912 [main] DEBUG blackco.photos.spring.MyPhotosImpl - Initialized myPhotosCache:{}
</system-out>
    <system-err>java.io.FileNotFoundException: /Users/colinblack/Documents/workspace/photos/src/test/test-fixtures/myPhotosUnitTestsCache.json/directoriesCache.json (Not a directory)
	at java.io.FileInputStream.open0(Native Method)
	at java.io.FileInputStream.open(FileInputStream.java:195)
	at java.io.FileInputStream.&lt;init&gt;(FileInputStream.java:138)
	at com.fasterxml.jackson.core.JsonFactory.createParser(JsonFactory.java:708)
	at com.fasterxml.jackson.databind.ObjectMapper.readValue(ObjectMapper.java:2472)
	at blackco.photos.spring.MyPhotosImpl.open(MyPhotosImpl.java:211)
	at blackco.photos.spring.MyPhotosImpl.init(MyPhotosImpl.java:56)
	at blackco.photos.apps.ComplexComparisonTest.setup(ComplexComparisonTest.java:224)
	at sun.reflect.NativeMethodAccessorImpl.invoke0(Native Method)
	at sun.reflect.NativeMethodAccessorImpl.invoke(NativeMethodAccessorImpl.java:62)
	at sun.reflect.DelegatingMethodAccessorImpl.invoke(DelegatingMethodAccessorImpl.java:43)
	at java.lang.reflect.Method.invoke(Method.java:498)
	at org.junit.internal.runners.MethodRoadie.runBefores(MethodRoadie.java:122)
	at org.junit.internal.runners.MethodRoadie.runBeforesThenTestThenAfters(MethodRoadie.java:86)
	at org.junit.internal.runners.MethodRoadie.runTest(MethodRoadie.java:77)
	at org.junit.internal.runners.MethodRoadie.run(MethodRoadie.java:42)
	at org.junit.internal.runners.JUnit4ClassRunner.invokeTestMethod(JUnit4ClassRunner.java:88)
	at org.junit.internal.runners.JUnit4ClassRunner.runMethods(JUnit4ClassRunner.java:51)
	at org.junit.internal.runners.JUnit4ClassRunner$1.run(JUnit4ClassRunner.java:44)
	at org.junit.internal.runners.ClassRoadie.runUnprotected(ClassRoadie.java:27)
	at org.junit.internal.runners.ClassRoadie.runProtected(ClassRoadie.java:37)
	at org.junit.internal.runners.JUnit4ClassRunner.run(JUnit4ClassRunner.java:42)
	at org.apache.maven.surefire.junit4.JUnit4Provider.execute(JUnit4Provider.java:252)
	at org.apache.maven.surefire.junit4.JUnit4Provider.executeTestSet(JUnit4Provider.java:141)
	at org.apache.maven.surefire.junit4.JUnit4Provider.invoke(JUnit4Provider.java:112)
	at sun.reflect.NativeMethodAccessorImpl.invoke0(Native Method)
	at sun.reflect.NativeMethodAccessorImpl.invoke(NativeMethodAccessorImpl.java:62)
	at sun.reflect.DelegatingMethodAccessorImpl.invoke(DelegatingMethodAccessorImpl.java:43)
	at java.lang.reflect.Method.invoke(Method.java:498)
	at org.apache.maven.surefire.util.ReflectionUtils.invokeMethodWithArray(ReflectionUtils.java:189)
	at org.apache.maven.surefire.booter.ProviderFactory$ProviderProxy.invoke(ProviderFactory.java:165)
	at org.apache.maven.surefire.booter.ProviderFactory.invokeProvider(ProviderFactory.java:85)
	at org.apache.maven.surefire.booter.ForkedBooter.runSuitesInProcess(ForkedBooter.java:115)
	at org.apache.maven.surefire.booter.ForkedBooter.main(ForkedBooter.java:75)
java.io.FileNotFoundException: /Users/colinblack/Documents/workspace/photos/src/test/test-fixtures/myPhotosUnitTestsCache.json/directoriesCache.json (Not a directory)
	at java.io.FileOutputStream.open0(Native Method)
	at java.io.FileOutputStream.open(FileOutputStream.java:270)
	at java.io.FileOutputStream.&lt;init&gt;(FileOutputStream.java:213)
	at java.io.FileOutputStream.&lt;init&gt;(FileOutputStream.java:162)
	at com.fasterxml.jackson.core.JsonFactory.createGenerator(JsonFactory.java:1072)
	at com.fasterxml.jackson.databind.ObjectMapper.writeValue(ObjectMapper.java:2728)
	at blackco.photos.spring.MyPhotosImpl.save(MyPhotosImpl.java:260)
	at blackco.photos.apps.ComplexComparison.process(ComplexComparison.java:221)
	at blackco.photos.apps.ComplexComparison.process(ComplexComparison.java:156)
	at blackco.photos.apps.ComplexComparisonTest.testProcessInsufficientMetaDataMissingCamera(ComplexComparisonTest.java:617)
	at sun.reflect.NativeMethodAccessorImpl.invoke0(Native Method)
	at sun.reflect.NativeMethodAccessorImpl.invoke(NativeMethodAccessorImpl.java:62)
	at sun.reflect.DelegatingMethodAccessorImpl.invoke(DelegatingMethodAccessorImpl.java:43)
	at java.lang.reflect.Method.invoke(Method.java:498)
	at org.junit.internal.runners.TestMethod.invoke(TestMethod.java:59)
	at org.junit.internal.runners.MethodRoadie.runTestMethod(MethodRoadie.java:98)
	at org.junit.internal.runners.MethodRoadie$2.run(MethodRoadie.java:79)
	at org.junit.internal.runners.MethodRoadie.runBeforesThenTestThenAfters(MethodRoadie.java:87)
	at org.junit.internal.runners.MethodRoadie.runTest(MethodRoadie.java:77)
	at org.junit.internal.runners.MethodRoadie.run(MethodRoadie.java:42)
	at org.junit.internal.runners.JUnit4ClassRunner.invokeTestMethod(JUnit4ClassRunner.java:88)
	at org.junit.internal.runners.JUnit4ClassRunner.runMethods(JUnit4ClassRunner.java:51)
	at org.junit.internal.runners.JUnit4ClassRunner$1.run(JUnit4ClassRunner.java:44)
	at org.junit.internal.runners.ClassRoadie.runUnprotected(ClassRoadie.java:27)
	at org.junit.internal.runners.ClassRoadie.runProtected(ClassRoadie.java:37)
	at org.junit.internal.runners.JUnit4ClassRunner.run(JUnit4ClassRunner.java:42)
	at org.apache.maven.surefire.junit4.JUnit4Provider.execute(JUnit4Provider.java:252)
	at org.apache.maven.surefire.junit4.JUnit4Provider.executeTestSet(JUnit4Provider.java:141)
	at org.apache.maven.surefire.junit4.JUnit4Provider.invoke(JUnit4Provider.java:112)
	at sun.reflect.NativeMethodAccessorImpl.invoke0(Native Method)
	at sun.reflect.NativeMethodAccessorImpl.invoke(NativeMethodAccessorImpl.java:62)
	at sun.reflect.DelegatingMethodAccessorImpl.invoke(DelegatingMethodAccessorImpl.java:43)
	at java.lang.reflect.Method.invoke(Method.java:498)
	at org.apache.maven.surefire.util.ReflectionUtils.invokeMethodWithArray(ReflectionUtils.java:189)
	at org.apache.maven.surefire.booter.ProviderFactory$ProviderProxy.invoke(ProviderFactory.java:165)
	at org.apache.maven.surefire.booter.ProviderFactory.invokeProvider(ProviderFactory.java:85)
	at org.apache.maven.surefire.booter.ForkedBooter.runSuitesInProcess(ForkedBooter.java:115)
	at org.apache.maven.surefire.booter.ForkedBooter.main(ForkedBooter.java:75)
java.io.FileNotFoundException: /Users/colinblack/Documents/workspace/photos/src/test/test-fixtures/myPhotosUnitTestsCache.json/directoriesCache.json (Not a directory)
	at java.io.FileInputStream.open0(Native Method)
	at java.io.FileInputStream.open(FileInputStream.java:195)
	at java.io.FileInputStream.&lt;init&gt;(FileInputStream.java:138)
	at com.fasterxml.jackson.core.JsonFactory.createParser(JsonFactory.java:708)
	at com.fasterxml.jackson.databind.ObjectMapper.readValue(ObjectMapper.java:2472)
	at blackco.photos.spring.MyPhotosImpl.open(MyPhotosImpl.java:211)
	at blackco.photos.spring.MyPhotosImpl.init(MyPhotosImpl.java:56)
	at blackco.photos.apps.ComplexComparisonTest.testProcessInsufficientMetaDataMissingCamera(ComplexComparisonTest.java:628)
	at sun.reflect.NativeMethodAccessorImpl.invoke0(Native Method)
	at sun.reflect.NativeMethodAccessorImpl.invoke(NativeMethodAccessorImpl.java:62)
	at sun.reflect.DelegatingMethodAccessorImpl.invoke(DelegatingMethodAccessorImpl.java:43)
	at java.lang.reflect.Method.invoke(Method.java:498)
	at org.junit.internal.runners.TestMethod.invoke(TestMethod.java:59)
	at org.junit.internal.runners.MethodRoadie.runTestMethod(MethodRoadie.java:98)
	at org.junit.internal.runners.MethodRoadie$2.run(MethodRoadie.java:79)
	at org.junit.internal.runners.MethodRoadie.runBeforesThenTestThenAfters(MethodRoadie.java:87)
	at org.junit.internal.runners.MethodRoadie.runTest(MethodRoadie.java:77)
	at org.junit.internal.runners.MethodRoadie.run(MethodRoadie.java:42)
	at org.junit.internal.runners.JUnit4ClassRunner.invokeTestMethod(JUnit4ClassRunner.java:88)
	at org.junit.internal.runners.JUnit4ClassRunner.runMethods(JUnit4ClassRunner.java:51)
	at org.junit.internal.runners.JUnit4ClassRunner$1.run(JUnit4ClassRunner.java:44)
	at org.junit.internal.runners.ClassRoadie.runUnprotected(ClassRoadie.java:27)
	at org.junit.internal.runners.ClassRoadie.runProtected(ClassRoadie.java:37)
	at org.junit.internal.runners.JUnit4ClassRunner.run(JUnit4ClassRunner.java:42)
	at org.apache.maven.surefire.junit4.JUnit4Provider.execute(JUnit4Provider.java:252)
	at org.apache.maven.surefire.junit4.JUnit4Provider.executeTestSet(JUnit4Provider.java:141)
	at org.apache.maven.surefire.junit4.JUnit4Provider.invoke(JUnit4Provider.java:112)
	at sun.reflect.NativeMethodAccessorImpl.invoke0(Native Method)
	at sun.reflect.NativeMethodAccessorImpl.invoke(NativeMethodAccessorImpl.java:62)
	at sun.reflect.DelegatingMethodAccessorImpl.invoke(DelegatingMethodAccessorImpl.java:43)
	at java.lang.reflect.Method.invoke(Method.java:498)
	at org.apache.maven.surefire.util.ReflectionUtils.invokeMethodWithArray(ReflectionUtils.java:189)
	at org.apache.maven.surefire.booter.ProviderFactory$ProviderProxy.invoke(ProviderFactory.java:165)
	at org.apache.maven.surefire.booter.ProviderFactory.invokeProvider(ProviderFactory.java:85)
	at org.apache.maven.surefire.booter.ForkedBooter.runSuitesInProcess(ForkedBooter.java:115)
	at org.apache.maven.surefire.booter.ForkedBooter.main(ForkedBooter.java:75)
</system-err>
  </testcase>
</testsuite>